#
# A fatal error has been detected by the Java Runtime Environment:
#
#  EXCEPTION_ACCESS_VIOLATION (0xc0000005) at pc=0x0000000001f6b93a, pid=10896, tid=8056
#
# JRE version: Java(TM) SE Runtime Environment (7.0_51-b13) (build 1.7.0_51-b13)
# Java VM: Java HotSpot(TM) 64-Bit Server VM (24.51-b03 mixed mode windows-amd64 compressed oops)
# Problematic frame:
# v  ~BufferBlob::jni_fast_GetLongField
#
# Failed to write core dump. Minidumps are not enabled by default on client versions of Windows
#
# If you would like to submit a bug report, please visit:
#   http://bugreport.sun.com/bugreport/crash.jsp
# The crash happened outside the Java Virtual Machine in native code.
# See problematic frame for where to report the bug.
#

---------------  T H R E A D  ---------------

Current thread (0x000000000e846800):  JavaThread "Romandefense.java.MyGameJava.main()" [_thread_in_native, id=8056, stack(0x000000000d2b0000,0x000000000d3b0000)]

siginfo: ExceptionCode=0xc0000005, reading address 0x0000000000000000

Registers:
RAX=0x0000000074d6bf80, RBX=0x0000000000000082, RCX=0x000000000e8469e8, RDX=0x0000000000000000
RSP=0x000000000d3add68, RBP=0x000000000d3adea0, RSI=0x000000000e8469e8, RDI=0x000000000e8469e8
R8 =0x0000000000000042, R9 =0x0000000000000000, R10=0x000000000000011e, R11=0x000000007485faf0
R12=0x0000000000000085, R13=0x0000000000000000, R14=0x00000000fffffff5, R15=0x000000000000002b
RIP=0x0000000001f6b93a, EFLAGS=0x0000000000010246

Top of Stack: (sp=0x000000000d3add68)
0x000000000d3add68:   00000000744715ed 000000000d3ade10
0x000000000d3add78:   000000000e50a600 000000000e50a600
0x000000000d3add88:   000000000e8469e8 000000000d3ae520
0x000000000d3add98:   000000007447ceb4 0000000000000082
0x000000000d3adda8:   000000000e8469e8 000000000d3adeb0
0x000000000d3addb8:   0000000096e54ce5 000000000d3adec0
0x000000000d3addc8:   00000007dff50fd0 40604ff7000000b7
0x000000000d3addd8:   00000007dff519d4 4066eff700000a00
0x000000000d3adde8:   40453fdf00000036 0000000000000108
0x000000000d3addf8:   00007ffc00000002 000000000d3ae530
0x000000000d3ade08:   000000000d3ae528 0000002800000082
0x000000000d3ade18:   0000002b000000b8 00000007dff37dc8
0x000000000d3ade28:   0000000400000000 0000000000000a00
0x000000000d3ade38:   0000000000000000 0000000000000000
0x000000000d3ade48:   0000000000000000 0000000000000000
0x000000000d3ade58:   0000000000000000 000000000d3adf00 

Instructions: (pc=0x0000000001f6b93a)
0x0000000001f6b91a:   00 00 00 00 00 00 44 8b 15 f9 00 e6 72 4c 8b ca
0x0000000001f6b92a:   41 f6 c2 01 0f 85 2e 00 00 00 4d 33 ca 4d 33 ca
0x0000000001f6b93a:   4d 8b 09 4d 8b d8 49 c1 eb 02 4b 8b 04 19 49 bb
0x0000000001f6b94a:   20 ba dc 74 00 00 00 00 4c 33 d8 4c 33 d8 45 3b 


Register to memory mapping:

RAX=0x0000000074d6bf80 is an unknown value
RBX=0x0000000000000082 is an unknown value
RCX=0x000000000e8469e8 is an unknown value
RDX=0x0000000000000000 is an unknown value
RSP=0x000000000d3add68 is pointing into the stack for thread: 0x000000000e846800
RBP=0x000000000d3adea0 is pointing into the stack for thread: 0x000000000e846800
RSI=0x000000000e8469e8 is an unknown value
RDI=0x000000000e8469e8 is an unknown value
R8 =0x0000000000000042 is an unknown value
R9 =0x0000000000000000 is an unknown value
R10=0x000000000000011e is an unknown value
R11=0x000000007485faf0 is an unknown value
R12=0x0000000000000085 is an unknown value
R13=0x0000000000000000 is an unknown value
R14=0x00000000fffffff5 is an unknown value
R15=0x000000000000002b is an unknown value


Stack: [0x000000000d2b0000,0x000000000d3b0000],  sp=0x000000000d3add68,  free space=1015k
Native frames: (J=compiled Java code, j=interpreted, Vv=VM code, C=native code)
v  ~BufferBlob::jni_fast_GetLongField

Java frames: (J=compiled Java code, j=interpreted, Vv=VM code)
j  sun.java2d.loops.MaskFill.FillAAPgram(Lsun/java2d/SunGraphics2D;Lsun/java2d/SurfaceData;Ljava/awt/Composite;DDDDDD)V+0
j  sun.java2d.pipe.AlphaColorPipe.fillParallelogram(Lsun/java2d/SunGraphics2D;DDDDDDDDDD)V+25
j  sun.java2d.pipe.PixelToParallelogramConverter.drawGeneralLine(Lsun/java2d/SunGraphics2D;DDDD)Z+634
j  sun.java2d.pipe.PixelToParallelogramConverter.draw(Lsun/java2d/SunGraphics2D;Ljava/awt/Shape;)V+143
j  sun.java2d.SunGraphics2D.draw(Ljava/awt/Shape;)V+6
j  playn.java.JavaCanvas.drawLine(FFFF)Lplayn/core/Canvas;+31
j  Romandefense.core.DebugDrawBox2D.drawSegment(Lorg/jbox2d/common/Vec2;Lorg/jbox2d/common/Vec2;Lorg/jbox2d/common/Color3f;)V+79
j  org.jbox2d.callbacks.DebugDraw.drawPolygon([Lorg/jbox2d/common/Vec2;ILorg/jbox2d/common/Color3f;)V+64
j  org.jbox2d.dynamics.World.drawDebugData()V+543
j  Romandefense.core.GameScreen.paint(Lplayn/core/util/Clock;)V+221
j  tripleplay.game.ScreenStack.paint(Lplayn/core/util/Clock;)V+35
j  Romandefense.core.MyGame.paint(F)V+16
j  playn.core.Game$Default.tick(I)V+59
j  playn.java.JavaPlatform.processFrame(Lplayn/core/Game;)V+33
j  playn.java.JavaPlatform.run(Lplayn/core/Game;)V+69
j  playn.core.PlayN.run(Lplayn/core/Game;)V+4
j  Romandefense.java.MyGameJava.main([Ljava/lang/String;)V+20
v  ~StubRoutines::call_stub
j  sun.reflect.NativeMethodAccessorImpl.invoke0(Ljava/lang/reflect/Method;Ljava/lang/Object;[Ljava/lang/Object;)Ljava/lang/Object;+0
j  sun.reflect.NativeMethodAccessorImpl.invoke(Ljava/lang/Object;[Ljava/lang/Object;)Ljava/lang/Object;+87
j  sun.reflect.DelegatingMethodAccessorImpl.invoke(Ljava/lang/Object;[Ljava/lang/Object;)Ljava/lang/Object;+6
j  java.lang.reflect.Method.invoke(Ljava/lang/Object;[Ljava/lang/Object;)Ljava/lang/Object;+57
j  org.codehaus.mojo.exec.ExecJavaMojo$1.run()V+112
j  java.lang.Thread.run()V+11
v  ~StubRoutines::call_stub

---------------  P R O C E S S  ---------------

Java Threads: ( => current thread )
  0x000000000e37f000 JavaThread "Direct Clip" daemon [_thread_blocked, id=2472, stack(0x0000000016e90000,0x0000000016f90000)]
  0x000000000e381800 JavaThread "Direct Clip" daemon [_thread_blocked, id=11948, stack(0x0000000016fc0000,0x00000000170c0000)]
  0x000000000e380800 JavaThread "Direct Clip" daemon [_thread_blocked, id=12072, stack(0x0000000016d90000,0x0000000016e90000)]
  0x000000000e37b800 JavaThread "Direct Clip" daemon [_thread_blocked, id=2184, stack(0x0000000016c90000,0x0000000016d90000)]
  0x000000000e37e800 JavaThread "Direct Clip" daemon [_thread_blocked, id=12564, stack(0x0000000016b90000,0x0000000016c90000)]
  0x000000000e37d000 JavaThread "Direct Clip" daemon [_thread_blocked, id=10948, stack(0x0000000016a90000,0x0000000016b90000)]
  0x000000000e37c000 JavaThread "Direct Clip" daemon [_thread_blocked, id=8996, stack(0x0000000016990000,0x0000000016a90000)]
  0x000000000e37d800 JavaThread "Direct Clip" daemon [_thread_blocked, id=11972, stack(0x0000000016890000,0x0000000016990000)]
  0x000000000e37a000 JavaThread "Direct Clip" daemon [_thread_blocked, id=4484, stack(0x0000000016790000,0x0000000016890000)]
  0x000000000e37a800 JavaThread "Direct Clip" daemon [_thread_blocked, id=11004, stack(0x0000000016290000,0x0000000016390000)]
  0x000000000e379000 JavaThread "Direct Clip" daemon [_thread_blocked, id=2356, stack(0x0000000015d90000,0x0000000015e90000)]
  0x000000000dec2000 JavaThread "Direct Clip" daemon [_thread_blocked, id=5620, stack(0x0000000015c90000,0x0000000015d90000)]
  0x000000000dec1000 JavaThread "Direct Clip" daemon [_thread_blocked, id=7012, stack(0x0000000015b90000,0x0000000015c90000)]
  0x000000000dec0800 JavaThread "Direct Clip" daemon [_thread_blocked, id=10228, stack(0x0000000015a90000,0x0000000015b90000)]
  0x000000000debf800 JavaThread "Direct Clip" daemon [_thread_blocked, id=2632, stack(0x0000000015990000,0x0000000015a90000)]
  0x000000000debc000 JavaThread "Direct Clip" daemon [_thread_blocked, id=7272, stack(0x0000000015290000,0x0000000015390000)]
  0x000000000debf000 JavaThread "Direct Clip" daemon [_thread_blocked, id=11732, stack(0x0000000015190000,0x0000000015290000)]
  0x000000000debd800 JavaThread "pool-1-thread-4" [_thread_blocked, id=7596, stack(0x0000000014e60000,0x0000000014f60000)]
  0x000000000debe000 JavaThread "Direct Clip" daemon [_thread_blocked, id=7812, stack(0x0000000014d60000,0x0000000014e60000)]
  0x000000000debc800 JavaThread "Java Sound Event Dispatcher" daemon [_thread_blocked, id=7488, stack(0x0000000014960000,0x0000000014a60000)]
  0x000000000debb000 JavaThread "LWJGL Timer" daemon [_thread_blocked, id=5916, stack(0x0000000013190000,0x0000000013290000)]
  0x000000000dbc9000 JavaThread "pool-1-thread-3" [_thread_blocked, id=5908, stack(0x0000000013090000,0x0000000013190000)]
  0x000000000dd82800 JavaThread "pool-1-thread-2" [_thread_blocked, id=772, stack(0x0000000012e90000,0x0000000012f90000)]
  0x000000000e707800 JavaThread "pool-1-thread-1" [_thread_blocked, id=2216, stack(0x0000000012d90000,0x0000000012e90000)]
  0x000000000e52c000 JavaThread "Java2D Disposer" daemon [_thread_blocked, id=9932, stack(0x000000000f150000,0x000000000f250000)]
=>0x000000000e846800 JavaThread "Romandefense.java.MyGameJava.main()" [_thread_in_native, id=8056, stack(0x000000000d2b0000,0x000000000d3b0000)]
  0x000000000c7d7800 JavaThread "Monitor Ctrl-Break" daemon [_thread_in_native, id=4680, stack(0x000000000d0d0000,0x000000000d1d0000)]
  0x0000000001eff000 JavaThread "Service Thread" daemon [_thread_blocked, id=12620, stack(0x000000000ced0000,0x000000000cfd0000)]
  0x0000000001efe000 JavaThread "C2 CompilerThread1" daemon [_thread_blocked, id=3360, stack(0x000000000cdd0000,0x000000000ced0000)]
  0x0000000001efc000 JavaThread "C2 CompilerThread0" daemon [_thread_in_native, id=8836, stack(0x000000000ccd0000,0x000000000cdd0000)]
  0x0000000001efb000 JavaThread "Attach Listener" daemon [_thread_blocked, id=3012, stack(0x000000000cbd0000,0x000000000ccd0000)]
  0x000000000c6f1800 JavaThread "Signal Dispatcher" daemon [_thread_blocked, id=4236, stack(0x000000000cad0000,0x000000000cbd0000)]
  0x000000000a6ff000 JavaThread "Finalizer" daemon [_thread_in_Java, id=8028, stack(0x000000000c5d0000,0x000000000c6d0000)]
  0x000000000a6f6800 JavaThread "Reference Handler" daemon [_thread_blocked, id=9144, stack(0x000000000c4d0000,0x000000000c5d0000)]
  0x0000000001e10800 JavaThread "main" [_thread_blocked, id=2504, stack(0x0000000001c50000,0x0000000001d50000)]

Other Threads:
  0x000000000a6f4800 VMThread [stack: 0x000000000c3d0000,0x000000000c4d0000] [id=12524]
  0x0000000001f0d000 WatcherThread [stack: 0x000000000cfd0000,0x000000000d0d0000] [id=11740]

VM state:not at safepoint (normal execution)

VM Mutex/Monitor currently owned by a thread: None

Heap
 PSYoungGen      total 157184K, used 368K [0x00000007d5900000, 0x00000007e7700000, 0x0000000800000000)
  eden space 125440K, 0% used [0x00000007d5900000,0x00000007d595c088,0x00000007dd380000)
  from space 31744K, 0% used [0x00000007dd380000,0x00000007dd380000,0x00000007df280000)
  to   space 46080K, 0% used [0x00000007e4a00000,0x00000007e4a00000,0x00000007e7700000)
 ParOldGen       total 118784K, used 48627K [0x0000000780c00000, 0x0000000788000000, 0x00000007d5900000)
  object space 118784K, 40% used [0x0000000780c00000,0x0000000783b7cd18,0x0000000788000000)
 PSPermGen       total 53248K, used 26503K [0x000000077ba00000, 0x000000077ee00000, 0x0000000780c00000)
  object space 53248K, 49% used [0x000000077ba00000,0x000000077d3e1e88,0x000000077ee00000)

Card table byte_map: [0x0000000004fd0000,0x0000000005400000] byte_map_base: 0x00000000013f3000

Polling page: 0x0000000001c00000

Code Cache  [0x0000000001f10000, 0x0000000002180000, 0x0000000004f10000)
 total_blobs=1326 nmethods=741 adapters=537 free_code_cache=46921Kb largest_free_block=47807360

Compilation events (10 events):
Event: 7.386 Thread 0x0000000001efc000  802             org.jbox2d.common.Vec2::set (18 bytes)
Event: 7.387 Thread 0x0000000001efc000 nmethod 802 0x0000000001ffa0d0 code [0x0000000001ffa200, 0x0000000001ffa278]
Event: 7.390 Thread 0x0000000001efe000  803             java.nio.Bits::copyFromArray (70 bytes)
Event: 7.390 Thread 0x0000000001efc000  804             playn.core.Asserts::checkNotNull (24 bytes)
Event: 7.390 Thread 0x0000000001efc000 nmethod 804 0x00000000020cdf90 code [0x00000000020ce0c0, 0x00000000020ce0f8]
Event: 7.390 Thread 0x0000000001efe000 nmethod 803 0x00000000020a16d0 code [0x00000000020a1800, 0x00000000020a1898]
Event: 7.438 Thread 0x0000000001efc000  805             sun.java2d.StateTrackableDelegate::markDirty (6 bytes)
Event: 7.439 Thread 0x0000000001efc000 nmethod 805 0x00000000020a14d0 code [0x00000000020a1600, 0x00000000020a1658]
Event: 7.471 Thread 0x0000000001efe000  806             sun.java2d.pipe.PixelToParallelogramConverter::normalize (15 bytes)
Event: 7.472 Thread 0x0000000001efe000 nmethod 806 0x00000000020a0d10 code [0x00000000020a0e80, 0x00000000020a0f78]

GC Heap History (10 events):
Event: 3.844 GC heap before
{Heap before GC invocations=6 (full 0):
 PSYoungGen      total 38400K, used 38390K [0x00000007d5900000, 0x00000007db200000, 0x0000000800000000)
  eden space 33280K, 100% used [0x00000007d5900000,0x00000007d7980000,0x00000007d7980000)
  from space 5120K, 99% used [0x00000007d7980000,0x00000007d7e7dba8,0x00000007d7e80000)
  to   space 12288K, 0% used [0x00000007da600000,0x00000007da600000,0x00000007db200000)
 ParOldGen       total 86528K, used 14046K [0x0000000780c00000, 0x0000000786080000, 0x00000007d5900000)
  object space 86528K, 16% used [0x0000000780c00000,0x00000007819b7978,0x0000000786080000)
 PSPermGen       total 21504K, used 19986K [0x000000077ba00000, 0x000000077cf00000, 0x0000000780c00000)
  object space 21504K, 92% used [0x000000077ba00000,0x000000077cd84948,0x000000077cf00000)
Event: 3.853 GC heap after
Heap after GC invocations=6 (full 0):
 PSYoungGen      total 77824K, used 7993K [0x00000007d5900000, 0x00000007db100000, 0x0000000800000000)
  eden space 66560K, 0% used [0x00000007d5900000,0x00000007d5900000,0x00000007d9a00000)
  from space 11264K, 70% used [0x00000007da600000,0x00000007dadce630,0x00000007db100000)
  to   space 11776K, 0% used [0x00000007d9a00000,0x00000007d9a00000,0x00000007da580000)
 ParOldGen       total 86528K, used 14054K [0x0000000780c00000, 0x0000000786080000, 0x00000007d5900000)
  object space 86528K, 16% used [0x0000000780c00000,0x00000007819b9978,0x0000000786080000)
 PSPermGen       total 21504K, used 19986K [0x000000077ba00000, 0x000000077cf00000, 0x0000000780c00000)
  object space 21504K, 92% used [0x000000077ba00000,0x000000077cd84948,0x000000077cf00000)
}
Event: 5.742 GC heap before
{Heap before GC invocations=7 (full 0):
 PSYoungGen      total 77824K, used 74506K [0x00000007d5900000, 0x00000007db100000, 0x0000000800000000)
  eden space 66560K, 99% used [0x00000007d5900000,0x00000007d99f4560,0x00000007d9a00000)
  from space 11264K, 70% used [0x00000007da600000,0x00000007dadce630,0x00000007db100000)
  to   space 11776K, 0% used [0x00000007d9a00000,0x00000007d9a00000,0x00000007da580000)
 ParOldGen       total 86528K, used 14054K [0x0000000780c00000, 0x0000000786080000, 0x00000007d5900000)
  object space 86528K, 16% used [0x0000000780c00000,0x00000007819b9978,0x0000000786080000)
 PSPermGen       total 26112K, used 25743K [0x000000077ba00000, 0x000000077d380000, 0x0000000780c00000)
  object space 26112K, 98% used [0x000000077ba00000,0x000000077d323c78,0x000000077d380000)
Event: 5.758 GC heap after
Heap after GC invocations=7 (full 0):
 PSYoungGen      total 78336K, used 11768K [0x00000007d5900000, 0x00000007e0a00000, 0x0000000800000000)
  eden space 66560K, 0% used [0x00000007d5900000,0x00000007d5900000,0x00000007d9a00000)
  from space 11776K, 99% used [0x00000007d9a00000,0x00000007da57e280,0x00000007da580000)
  to   space 24064K, 0% used [0x00000007df280000,0x00000007df280000,0x00000007e0a00000)
 ParOldGen       total 86528K, used 35372K [0x0000000780c00000, 0x0000000786080000, 0x00000007d5900000)
  object space 86528K, 40% used [0x0000000780c00000,0x0000000782e8b288,0x0000000786080000)
 PSPermGen       total 26112K, used 25743K [0x000000077ba00000, 0x000000077d380000, 0x0000000780c00000)
  object space 26112K, 98% used [0x000000077ba00000,0x000000077d323c78,0x000000077d380000)
}
Event: 6.101 GC heap before
{Heap before GC invocations=8 (full 0):
 PSYoungGen      total 78336K, used 77394K [0x00000007d5900000, 0x00000007e0a00000, 0x0000000800000000)
  eden space 66560K, 98% used [0x00000007d5900000,0x00000007d99168a0,0x00000007d9a00000)
  from space 11776K, 99% used [0x00000007d9a00000,0x00000007da57e280,0x00000007da580000)
  to   space 24064K, 0% used [0x00000007df280000,0x00000007df280000,0x00000007e0a00000)
 ParOldGen       total 86528K, used 35372K [0x0000000780c00000, 0x0000000786080000, 0x00000007d5900000)
  object space 86528K, 40% used [0x0000000780c00000,0x0000000782e8b288,0x0000000786080000)
 PSPermGen       total 26624K, used 26277K [0x000000077ba00000, 0x000000077d400000, 0x0000000780c00000)
  object space 26624K, 98% used [0x000000077ba00000,0x000000077d3a9698,0x000000077d400000)
Event: 6.116 GC heap after
Heap after GC invocations=8 (full 0):
 PSYoungGen      total 149504K, used 24048K [0x00000007d5900000, 0x00000007e1900000, 0x0000000800000000)
  eden space 125440K, 0% used [0x00000007d5900000,0x00000007d5900000,0x00000007dd380000)
  from space 24064K, 99% used [0x00000007df280000,0x00000007e09fc1e8,0x00000007e0a00000)
  to   space 31744K, 0% used [0x00000007dd380000,0x00000007dd380000,0x00000007df280000)
 ParOldGen       total 86528K, used 44203K [0x0000000780c00000, 0x0000000786080000, 0x00000007d5900000)
  object space 86528K, 51% used [0x0000000780c00000,0x000000078372acf0,0x0000000786080000)
 PSPermGen       total 26624K, used 26277K [0x000000077ba00000, 0x000000077d400000, 0x0000000780c00000)
  object space 26624K, 98% used [0x000000077ba00000,0x000000077d3a9698,0x000000077d400000)
}
Event: 7.539 GC heap before
{Heap before GC invocations=9 (full 0):
 PSYoungGen      total 149504K, used 149488K [0x00000007d5900000, 0x00000007e1900000, 0x0000000800000000)
  eden space 125440K, 100% used [0x00000007d5900000,0x00000007dd380000,0x00000007dd380000)
  from space 24064K, 99% used [0x00000007df280000,0x00000007e09fc1e8,0x00000007e0a00000)
  to   space 31744K, 0% used [0x00000007dd380000,0x00000007dd380000,0x00000007df280000)
 ParOldGen       total 86528K, used 44203K [0x0000000780c00000, 0x0000000786080000, 0x00000007d5900000)
  object space 86528K, 51% used [0x0000000780c00000,0x000000078372acf0,0x0000000786080000)
 PSPermGen       total 26624K, used 26514K [0x000000077ba00000, 0x000000077d400000, 0x0000000780c00000)
  object space 26624K, 99% used [0x000000077ba00000,0x000000077d3e4a30,0x000000077d400000)
Event: 7.556 GC heap after
Heap after GC invocations=9 (full 0):
 PSYoungGen      total 157184K, used 31743K [0x00000007d5900000, 0x00000007e7700000, 0x0000000800000000)
  eden space 125440K, 0% used [0x00000007d5900000,0x00000007d5900000,0x00000007dd380000)
  from space 31744K, 99% used [0x00000007dd380000,0x00000007df27fc70,0x00000007df280000)
  to   space 46080K, 0% used [0x00000007e4a00000,0x00000007e4a00000,0x00000007e7700000)
 ParOldGen       total 86528K, used 67077K [0x0000000780c00000, 0x0000000786080000, 0x00000007d5900000)
  object space 86528K, 77% used [0x0000000780c00000,0x0000000784d81678,0x0000000786080000)
 PSPermGen       total 26624K, used 26514K [0x000000077ba00000, 0x000000077d400000, 0x0000000780c00000)
  object space 26624K, 99% used [0x000000077ba00000,0x000000077d3e4a30,0x000000077d400000)
}
Event: 7.556 GC heap before
{Heap before GC invocations=10 (full 1):
 PSYoungGen      total 157184K, used 31743K [0x00000007d5900000, 0x00000007e7700000, 0x0000000800000000)
  eden space 125440K, 0% used [0x00000007d5900000,0x00000007d5900000,0x00000007dd380000)
  from space 31744K, 99% used [0x00000007dd380000,0x00000007df27fc70,0x00000007df280000)
  to   space 46080K, 0% used [0x00000007e4a00000,0x00000007e4a00000,0x00000007e7700000)
 ParOldGen       total 86528K, used 67077K [0x0000000780c00000, 0x0000000786080000, 0x00000007d5900000)
  object space 86528K, 77% used [0x0000000780c00000,0x0000000784d81678,0x0000000786080000)
 PSPermGen       total 26624K, used 26514K [0x000000077ba00000, 0x000000077d400000, 0x0000000780c00000)
  object space 26624K, 99% used [0x000000077ba00000,0x000000077d3e4a30,0x000000077d400000)
Event: 7.658 GC heap after
Heap after GC invocations=10 (full 1):
 PSYoungGen      total 157184K, used 0K [0x00000007d5900000, 0x00000007e7700000, 0x0000000800000000)
  eden space 125440K, 0% used [0x00000007d5900000,0x00000007d5900000,0x00000007dd380000)
  from space 31744K, 0% used [0x00000007dd380000,0x00000007dd380000,0x00000007df280000)
  to   space 46080K, 0% used [0x00000007e4a00000,0x00000007e4a00000,0x00000007e7700000)
 ParOldGen       total 118784K, used 48627K [0x0000000780c00000, 0x0000000788000000, 0x00000007d5900000)
  object space 118784K, 40% used [0x0000000780c00000,0x0000000783b7cd18,0x0000000788000000)
 PSPermGen       total 53248K, used 26503K [0x000000077ba00000, 0x000000077ee00000, 0x0000000780c00000)
  object space 53248K, 49% used [0x000000077ba00000,0x000000077d3e1e88,0x000000077ee00000)
}

Deoptimization events (10 events):
Event: 6.453 Thread 0x000000000e846800 Uncommon trap: reason=class_check action=maybe_recompile pc=0x000000000209e2c4 method=java.util.ComparableTimSort.countRunAndMakeAscending([Ljava/lang/Object;II)I @ 36
Event: 6.454 Thread 0x000000000e846800 Uncommon trap: reason=class_check action=maybe_recompile pc=0x000000000209e2c4 method=java.util.ComparableTimSort.countRunAndMakeAscending([Ljava/lang/Object;II)I @ 36
Event: 6.454 Thread 0x000000000e846800 Uncommon trap: reason=class_check action=maybe_recompile pc=0x000000000209d264 method=java.util.ComparableTimSort.binarySort([Ljava/lang/Object;III)V @ 40
Event: 6.454 Thread 0x000000000e846800 Uncommon trap: reason=class_check action=maybe_recompile pc=0x000000000209e2c4 method=java.util.ComparableTimSort.countRunAndMakeAscending([Ljava/lang/Object;II)I @ 36
Event: 6.454 Thread 0x000000000e846800 Uncommon trap: reason=class_check action=maybe_recompile pc=0x000000000209d264 method=java.util.ComparableTimSort.binarySort([Ljava/lang/Object;III)V @ 40
Event: 6.454 Thread 0x000000000e846800 Uncommon trap: reason=class_check action=maybe_recompile pc=0x000000000209e2c4 method=java.util.ComparableTimSort.countRunAndMakeAscending([Ljava/lang/Object;II)I @ 36
Event: 6.454 Thread 0x000000000e846800 Uncommon trap: reason=class_check action=maybe_recompile pc=0x000000000209d264 method=java.util.ComparableTimSort.binarySort([Ljava/lang/Object;III)V @ 40
Event: 6.454 Thread 0x000000000e846800 Uncommon trap: reason=class_check action=maybe_recompile pc=0x000000000209d264 method=java.util.ComparableTimSort.binarySort([Ljava/lang/Object;III)V @ 40
Event: 6.465 Thread 0x000000000e846800 Uncommon trap: reason=array_check action=maybe_recompile pc=0x0000000002148934 method=java.util.ComparableTimSort.binarySort([Ljava/lang/Object;III)V @ 193
Event: 6.465 Thread 0x000000000e846800 Uncommon trap: reason=array_check action=maybe_recompile pc=0x0000000002148934 method=java.util.ComparableTimSort.binarySort([Ljava/lang/Object;III)V @ 193

Internal exceptions (10 events):
Event: 6.445 Thread 0x000000000e846800 Threw 0x00000007dcd93168 at C:\re\jdk7u51\527\hotspot\src\share\vm\prims\jvm.cpp:1244
Event: 6.446 Thread 0x000000000e846800 Threw 0x00000007dcd97910 at C:\re\jdk7u51\527\hotspot\src\share\vm\prims\jvm.cpp:1244
Event: 6.446 Thread 0x000000000e846800 Threw 0x00000007dcd97dd8 at C:\re\jdk7u51\527\hotspot\src\share\vm\prims\jvm.cpp:1244
Event: 6.446 Thread 0x000000000e846800 Threw 0x00000007dcd9cbe8 at C:\re\jdk7u51\527\hotspot\src\share\vm\prims\jvm.cpp:1244
Event: 6.446 Thread 0x000000000e846800 Threw 0x00000007dcd9d130 at C:\re\jdk7u51\527\hotspot\src\share\vm\prims\jvm.cpp:1244
Event: 6.453 Thread 0x000000000e846800 Threw 0x00000007dcda5558 at C:\re\jdk7u51\527\hotspot\src\share\vm\interpreter\linkResolver.cpp:883
Event: 6.502 Thread 0x000000000e846800 Threw 0x00000007dcdc2360 at C:\re\jdk7u51\527\hotspot\src\share\vm\prims\jvm.cpp:1244
Event: 6.502 Thread 0x000000000e846800 Threw 0x00000007dcdc27e8 at C:\re\jdk7u51\527\hotspot\src\share\vm\prims\jvm.cpp:1244
Event: 7.002 Thread 0x000000000e846800 Threw 0x00000007dcff0220 at C:\re\jdk7u51\527\hotspot\src\share\vm\prims\jvm.cpp:1244
Event: 7.002 Thread 0x000000000e846800 Threw 0x00000007dcff0680 at C:\re\jdk7u51\527\hotspot\src\share\vm\prims\jvm.cpp:1244

Events (10 events):
Event: 7.237 Thread 0x0000000001efc000 flushing nmethod 0x0000000001ff8e90
Event: 7.237 Thread 0x0000000001efc000 flushing nmethod 0x0000000001ffc310
Event: 7.242 Thread 0x0000000001efe000 flushing nmethod 0x0000000002019d50
Event: 7.252 Thread 0x0000000001efc000 flushing nmethod 0x0000000002023b50
Event: 7.256 Thread 0x0000000001efc000 flushing nmethod 0x000000000206b150
Event: 7.271 Thread 0x0000000001efe000 flushing nmethod 0x00000000020a0b90
Event: 7.353 Thread 0x0000000001efe000 flushing nmethod 0x00000000020f29d0
Event: 7.353 Thread 0x0000000001efe000 flushing nmethod 0x0000000002117410
Event: 7.539 Executing VM operation: ParallelGCFailedAllocation
Event: 7.658 Executing VM operation: ParallelGCFailedAllocation done


Dynamic libraries:
0x00007ff6217d0000 - 0x00007ff621803000 	C:\Program Files\Java\jdk1.7.0_51\bin\java.exe
0x00007ffc173b0000 - 0x00007ffc17559000 	C:\Windows\SYSTEM32\ntdll.dll
0x00007ffc16920000 - 0x00007ffc16a59000 	C:\Windows\system32\KERNEL32.DLL
0x00007ffc14800000 - 0x00007ffc1490f000 	C:\Windows\system32\KERNELBASE.dll
0x00007ffc13270000 - 0x00007ffc132fb000 	C:\Windows\system32\apphelp.dll
0x00007ffc09880000 - 0x00007ffc098cf000 	C:\Windows\AppPatch\AppPatch64\AcGenral.DLL
0x00007ffc17010000 - 0x00007ffc170b7000 	C:\Windows\system32\msvcrt.dll
0x00007ffc145e0000 - 0x00007ffc1460b000 	C:\Windows\SYSTEM32\SspiCli.dll
0x00007ffc16ac0000 - 0x00007ffc16b11000 	C:\Windows\system32\SHLWAPI.dll
0x00007ffc16e90000 - 0x00007ffc17001000 	C:\Windows\system32\USER32.dll
0x00007ffc16d00000 - 0x00007ffc16e76000 	C:\Windows\system32\ole32.dll
0x00007ffc14c40000 - 0x00007ffc16050000 	C:\Windows\system32\SHELL32.dll
0x00007ffc13da0000 - 0x00007ffc13dbf000 	C:\Windows\SYSTEM32\USERENV.dll
0x00007ffc17300000 - 0x00007ffc173a5000 	C:\Windows\system32\ADVAPI32.dll
0x00007ffc0bec0000 - 0x00007ffc0bedb000 	C:\Windows\SYSTEM32\MPR.dll
0x00007ffc16770000 - 0x00007ffc168a6000 	C:\Windows\system32\RPCRT4.dll
0x00007ffc16a60000 - 0x00007ffc16ab7000 	C:\Windows\SYSTEM32\sechost.dll
0x00007ffc16b20000 - 0x00007ffc16cf7000 	C:\Windows\SYSTEM32\combase.dll
0x00007ffc16620000 - 0x00007ffc16765000 	C:\Windows\system32\GDI32.dll
0x00007ffc14730000 - 0x00007ffc14744000 	C:\Windows\SYSTEM32\profapi.dll
0x00007ffc13440000 - 0x00007ffc134e1000 	C:\Windows\SYSTEM32\SHCORE.dll
0x00007ffc17160000 - 0x00007ffc17194000 	C:\Windows\system32\IMM32.DLL
0x00007ffc171c0000 - 0x00007ffc172f8000 	C:\Windows\system32\MSCTF.dll
0x00007ffc124a0000 - 0x00007ffc126fa000 	C:\Windows\WinSxS\amd64_microsoft.windows.common-controls_6595b64144ccf1df_6.0.9600.16384_none_62475f7becb72503\COMCTL32.dll
0x0000000074e50000 - 0x0000000074f22000 	C:\Program Files\Java\jdk1.7.0_51\jre\bin\msvcr100.dll
0x0000000074680000 - 0x0000000074e49000 	C:\Program Files\Java\jdk1.7.0_51\jre\bin\server\jvm.dll
0x00007ffc10e20000 - 0x00007ffc10e29000 	C:\Windows\SYSTEM32\WSOCK32.dll
0x00007ffc12790000 - 0x00007ffc127af000 	C:\Windows\SYSTEM32\WINMM.dll
0x00007ffc171b0000 - 0x00007ffc171b7000 	C:\Windows\system32\PSAPI.DLL
0x00007ffc160d0000 - 0x00007ffc16128000 	C:\Windows\system32\WS2_32.dll
0x00007ffc10df0000 - 0x00007ffc10e1a000 	C:\Windows\SYSTEM32\WINMMBASE.dll
0x00007ffc171a0000 - 0x00007ffc171a9000 	C:\Windows\system32\NSI.dll
0x00007ffc14910000 - 0x00007ffc1495a000 	C:\Windows\SYSTEM32\cfgmgr32.dll
0x00007ffc135a0000 - 0x00007ffc135c6000 	C:\Windows\SYSTEM32\DEVOBJ.dll
0x0000000050000000 - 0x000000005000f000 	C:\Program Files\Java\jdk1.7.0_51\jre\bin\verify.dll
0x0000000074650000 - 0x0000000074678000 	C:\Program Files\Java\jdk1.7.0_51\jre\bin\java.dll
0x0000000075ab0000 - 0x0000000075ac5000 	C:\Program Files\Java\jdk1.7.0_51\jre\bin\zip.dll
0x00007ffc12c60000 - 0x00007ffc12c70000 	C:\Program Files (x86)\JetBrains\IntelliJ IDEA Community Edition 13.0.2\bin\breakgen64.dll
0x0000000074630000 - 0x0000000074649000 	C:\Program Files\Java\jdk1.7.0_51\jre\bin\net.dll
0x00007ffc13810000 - 0x00007ffc13826000 	C:\Windows\system32\PrxerDrv.dll
0x00007ffc14060000 - 0x00007ffc140b8000 	C:\Windows\system32\mswsock.dll
0x0000000074610000 - 0x0000000074621000 	C:\Program Files\Java\jdk1.7.0_51\jre\bin\nio.dll
0x0000000074470000 - 0x0000000074605000 	C:\Program Files\Java\jdk1.7.0_51\jre\bin\awt.dll
0x00007ffc16560000 - 0x00007ffc16617000 	C:\Windows\system32\OLEAUT32.dll
0x00007ffc12e00000 - 0x00007ffc12e21000 	C:\Windows\system32\DWMAPI.DLL
0x00007ffc13310000 - 0x00007ffc13432000 	C:\Windows\system32\uxtheme.dll
0x0000000180000000 - 0x0000000180050000 	C:\Users\Chettawat\AppData\Local\Temp\playnChettawat\1284024257\lwjgl64.dll
0x00007ffc01930000 - 0x00007ffc01a51000 	C:\Windows\SYSTEM32\OPENGL32.dll
0x00007ffc127b0000 - 0x00007ffc127ba000 	C:\Windows\SYSTEM32\VERSION.dll
0x00007ffc05c40000 - 0x00007ffc05c6c000 	C:\Windows\SYSTEM32\GLU32.dll
0x00007ffbffd50000 - 0x00007ffbffe44000 	C:\Windows\SYSTEM32\DDRAW.dll
0x00007ffc12ca0000 - 0x00007ffc12ca9000 	C:\Windows\SYSTEM32\DCIMAN32.dll
0x0000000075c20000 - 0x0000000077a5c000 	C:\Windows\SYSTEM32\nvoglv64.DLL
0x00007ffc16380000 - 0x00007ffc16556000 	C:\Windows\system32\SETUPAPI.dll
0x00007ffc14a10000 - 0x00007ffc14a5e000 	C:\Windows\system32\WINTRUST.dll
0x00007ffc14a60000 - 0x00007ffc14c37000 	C:\Windows\system32\CRYPT32.dll
0x00007ffc147e0000 - 0x00007ffc147f2000 	C:\Windows\system32\MSASN1.dll
0x00007ffc107a0000 - 0x00007ffc107d0000 	C:\Windows\SYSTEM32\ntmarta.dll
0x00007ffc14010000 - 0x00007ffc14055000 	C:\Windows\SYSTEM32\powrprof.dll
0x00007ffc13590000 - 0x00007ffc1359a000 	C:\Windows\SYSTEM32\kernel.appcore.dll
0x00007ffc14670000 - 0x00007ffc1467a000 	C:\Windows\SYSTEM32\CRYPTBASE.dll
0x00007ffc14610000 - 0x00007ffc1466e000 	C:\Windows\SYSTEM32\bcryptPrimitives.dll
0x00007ffc11410000 - 0x00007ffc1149d000 	C:\Windows\SYSTEM32\mscms.dll
0x00007ffc03c70000 - 0x00007ffc03cb1000 	C:\Windows\SYSTEM32\icm32.dll
0x00007ffc140c0000 - 0x00007ffc140de000 	C:\Windows\SYSTEM32\CRYPTSP.dll
0x00007ffc13c30000 - 0x00007ffc13c65000 	C:\Windows\system32\rsaenh.dll
0x00007ffc14310000 - 0x00007ffc14336000 	C:\Windows\SYSTEM32\bcrypt.dll
0x00007ffc08120000 - 0x00007ffc08132000 	C:\Windows\system32\PrxerNsp.dll
0x00007ffc13e00000 - 0x00007ffc13ea3000 	C:\Windows\SYSTEM32\DNSAPI.dll
0x00007ffc07420000 - 0x00007ffc07434000 	C:\Windows\system32\napinsp.dll
0x00007ffc07440000 - 0x00007ffc07459000 	C:\Windows\system32\pnrpnsp.dll
0x0000000074460000 - 0x000000007446c000 	C:\Program Files\Java\jdk1.7.0_51\jre\bin\jsound.dll
0x00007ffc0faf0000 - 0x00007ffc0fb09000 	C:\Windows\system32\NLAapi.dll
0x00007ffc07460000 - 0x00007ffc0746c000 	C:\Windows\System32\winrnr.dll
0x0000000074450000 - 0x000000007445b000 	C:\Program Files\Java\jdk1.7.0_51\jre\bin\jsoundds.dll
0x00007ffc09170000 - 0x00007ffc091f7000 	C:\Windows\SYSTEM32\DSOUND.dll
0x00007ffc07470000 - 0x00007ffc07483000 	C:\Windows\system32\wshbth.dll
0x0000000050590000 - 0x00000000505b6000 	C:\Program Files\Bonjour\mdnsNSP.dll
0x00007ffc10390000 - 0x00007ffc103f1000 	C:\Windows\SYSTEM32\MMDevAPI.DLL
0x00007ffc0e7f0000 - 0x00007ffc0e819000 	C:\Windows\SYSTEM32\Iphlpapi.DLL
0x00007ffc0e7e0000 - 0x00007ffc0e7ea000 	C:\Windows\SYSTEM32\WINNSI.DLL
0x00007ffc09130000 - 0x00007ffc0916c000 	C:\Windows\SYSTEM32\wdmaud.drv
0x00007ffc09120000 - 0x00007ffc09128000 	C:\Windows\SYSTEM32\ksuser.dll
0x00007ffc12290000 - 0x00007ffc1229b000 	C:\Windows\SYSTEM32\AVRT.dll
0x00007ffc081a0000 - 0x00007ffc081a9000 	C:\Windows\System32\rasadhlp.dll
0x00007ffc0e2f0000 - 0x00007ffc0e357000 	C:\Windows\System32\fwpuclnt.dll
0x00007ffc090a0000 - 0x00007ffc09116000 	C:\Windows\SYSTEM32\AUDIOSES.DLL
0x00007ffc09090000 - 0x00007ffc0909b000 	C:\Windows\SYSTEM32\msacm32.drv
0x00007ffc09070000 - 0x00007ffc0908b000 	C:\Windows\SYSTEM32\MSACM32.dll
0x00007ffc09060000 - 0x00007ffc0906a000 	C:\Windows\SYSTEM32\midimap.dll
0x00007ffc162d0000 - 0x00007ffc16374000 	C:\Windows\SYSTEM32\clbcatq.dll
0x0000000074420000 - 0x000000007444a000 	C:\Program Files\Java\jdk1.7.0_51\jre\bin\dcpr.dll

VM Arguments:
jvm_args: -Dmaven.home=C:\Dev\apache-maven-3.1.1 -Dclassworlds.conf=C:\Dev\apache-maven-3.1.1\bin\m2.conf -Didea.launcher.port=7536 -Didea.launcher.bin.path=C:\Program Files (x86)\JetBrains\IntelliJ IDEA Community Edition 13.0.2\bin -Dfile.encoding=UTF-8 
java_command: com.intellij.rt.execution.application.AppMain org.codehaus.classworlds.Launcher test -Pjava
Launcher Type: SUN_STANDARD

Environment Variables:
JAVA_HOME=C:\Program Files\Java\jdk1.7.0_51
PATH=C:\Program Files (x86)\NVIDIA Corporation\PhysX\Common;C:\Program Files (x86)\ActiveState Komodo IDE 8\;C:\Windows\system32;C:\Windows;C:\Windows\System32\Wbem;C:\Windows\System32\WindowsPowerShell\v1.0\;C:\Dev\apache-maven-3.1.1\bin;C:\Dev\spring-roo-1.2.5.RELEASE\bin;C:\Program Files\Java\jdk1.7.0_51\bin;
USERNAME=Chettawat
OS=Windows_NT
PROCESSOR_IDENTIFIER=Intel64 Family 6 Model 58 Stepping 9, GenuineIntel



---------------  S Y S T E M  ---------------

OS: Windows 8 , 64 bit Build 9200 

CPU:total 8 (4 cores per cpu, 2 threads per core) family 6 model 58 stepping 9, cmov, cx8, fxsr, mmx, sse, sse2, sse3, ssse3, sse4.1, sse4.2, popcnt, avx, aes, erms, ht, tsc, tscinvbit, tscinv

Memory: 4k page, physical 8337772k(5309560k free), swap 16726380k(11013528k free)

vm_info: Java HotSpot(TM) 64-Bit Server VM (24.51-b03) for windows-amd64 JRE (1.7.0_51-b13), built on Dec 18 2013 18:40:56 by "java_re" with unknown MS VC++:1600

time: Mon Mar 24 22:06:34 2014
elapsed time: 7 seconds

